#
# There is insufficient memory for the Java Runtime Environment to continue.
# Native memory allocation (malloc) failed to allocate 32744 bytes for ChunkPool::allocate
# Possible reasons:
#   The system is out of physical RAM or swap space
#   The process is running with CompressedOops enabled, and the Java Heap may be blocking the growth of the native heap
# Possible solutions:
#   Reduce memory load on the system
#   Increase physical memory or swap space
#   Check if swap backing store is full
#   Decrease Java heap size (-Xmx/-Xms)
#   Decrease number of Java threads
#   Decrease Java thread stack sizes (-Xss)
#   Set larger code cache with -XX:ReservedCodeCacheSize=
#   JVM is running with Unscaled Compressed Oops mode in which the Java heap is
#     placed in the first 4GB address space. The Java Heap base address is the
#     maximum limit for the native heap growth. Please use -XX:HeapBaseMinAddress
#     to set the Java Heap base and to place the Java Heap above 4GB virtual address.
# This output file may be truncated or incomplete.
#
#  Out of Memory Error (allocation.cpp:272), pid=22156, tid=0x0000000000003ccc
#
# JRE version: Java(TM) SE Runtime Environment (8.0_202-b08) (build 1.8.0_202-b08)
# Java VM: Java HotSpot(TM) 64-Bit Server VM (25.202-b08 mixed mode windows-amd64 compressed oops)
# Failed to write core dump. Minidumps are not enabled by default on client versions of Windows
#

---------------  T H R E A D  ---------------

Current thread (0x000000000266e000):  JavaThread "main" [_thread_in_vm, id=15564, stack(0x0000000002690000,0x0000000002790000)]

Stack: [0x0000000002690000,0x0000000002790000]
[error occurred during error reporting (printing stack bounds), id 0xc0000005]

Native frames: (J=compiled Java code, j=interpreted, Vv=VM code, C=native code)

Java frames: (J=compiled Java code, j=interpreted, Vv=VM code)
j  sun.misc.Unsafe.defineAnonymousClass(Ljava/lang/Class;[B[Ljava/lang/Object;)Ljava/lang/Class;+0
j  java.lang.invoke.InvokerBytecodeGenerator.loadAndInitializeInvokerClass([B[Ljava/lang/Object;)Ljava/lang/Class;+8
j  java.lang.invoke.InvokerBytecodeGenerator.loadMethod([B)Ljava/lang/invoke/MemberName;+6
j  java.lang.invoke.InvokerBytecodeGenerator.generateCustomizedCode(Ljava/lang/invoke/LambdaForm;Ljava/lang/invoke/MethodType;)Ljava/lang/invoke/MemberName;+17
j  java.lang.invoke.LambdaForm.compileToBytecode()Ljava/lang/invoke/MemberName;+65
j  java.lang.invoke.DirectMethodHandle.makePreparedLambdaForm(Ljava/lang/invoke/MethodType;I)Ljava/lang/invoke/LambdaForm;+713
j  java.lang.invoke.DirectMethodHandle.preparedLambdaForm(Ljava/lang/invoke/MethodType;I)Ljava/lang/invoke/LambdaForm;+17
j  java.lang.invoke.DirectMethodHandle.preparedLambdaForm(Ljava/lang/invoke/MemberName;)Ljava/lang/invoke/LambdaForm;+151
j  java.lang.invoke.DirectMethodHandle.make(BLjava/lang/Class;Ljava/lang/invoke/MemberName;)Ljava/lang/invoke/DirectMethodHandle;+137
j  java.lang.invoke.DirectMethodHandle.make(Ljava/lang/Class;Ljava/lang/invoke/MemberName;)Ljava/lang/invoke/DirectMethodHandle;+16
j  java.lang.invoke.DirectMethodHandle.make(Ljava/lang/invoke/MemberName;)Ljava/lang/invoke/DirectMethodHandle;+17
j  java.lang.invoke.Invokers.basicInvoker()Ljava/lang/invoke/MethodHandle;+60
j  java.lang.invoke.LambdaForm$NamedFunction.<init>(Ljava/lang/invoke/MethodType;)V+42
j  java.lang.invoke.LambdaForm$Name.<init>(Ljava/lang/invoke/MethodType;[Ljava/lang/Object;)V+6
j  java.lang.invoke.DelegatingMethodHandle.makeReinvokerForm(Ljava/lang/invoke/MethodHandle;ILjava/lang/Object;Ljava/lang/String;ZLjava/lang/invoke/LambdaForm$NamedFunction;Ljava/lang/invoke/LambdaForm$NamedFunction;)Ljava/lang/invoke/LambdaForm;+291
j  java.lang.invoke.DelegatingMethodHandle.makeReinvokerForm(Ljava/lang/invoke/MethodHandle;ILjava/lang/Object;Ljava/lang/invoke/LambdaForm$NamedFunction;)Ljava/lang/invoke/LambdaForm;+54
j  java.lang.invoke.DelegatingMethodHandle.chooseDelegatingForm(Ljava/lang/invoke/MethodHandle;)Ljava/lang/invoke/LambdaForm;+20
j  java.lang.invoke.DelegatingMethodHandle.<init>(Ljava/lang/invoke/MethodType;Ljava/lang/invoke/MethodHandle;)V+3
j  java.lang.invoke.MethodHandleImpl$IntrinsicMethodHandle.<init>(Ljava/lang/invoke/MethodHandle;Ljava/lang/invoke/MethodHandleImpl$Intrinsic;)V+6
j  java.lang.invoke.MethodHandleImpl.makeIntrinsic(Ljava/lang/invoke/MethodHandle;Ljava/lang/invoke/MethodHandleImpl$Intrinsic;)Ljava/lang/invoke/MethodHandle;+16
j  java.lang.invoke.MethodHandleImpl.makeArrays()[Ljava/lang/invoke/MethodHandle;+35
j  java.lang.invoke.MethodHandleImpl.access$000()[Ljava/lang/invoke/MethodHandle;+0
j  java.lang.invoke.MethodHandleImpl$Lazy.<clinit>()V+5
v  ~StubRoutines::call_stub
j  java.lang.invoke.MethodHandleImpl.varargsArray(I)Ljava/lang/invoke/MethodHandle;+0
j  java.lang.invoke.MethodHandleImpl.varargsArray(Ljava/lang/Class;I)Ljava/lang/invoke/MethodHandle;+121
j  java.lang.invoke.MethodHandle.asCollector(Ljava/lang/Class;I)Ljava/lang/invoke/MethodHandle;+36
j  java.lang.invoke.MethodHandleImpl$AsVarargsCollector.<init>(Ljava/lang/invoke/MethodType;Ljava/lang/invoke/MethodHandle;Ljava/lang/Class;)V+20
j  java.lang.invoke.MethodHandleImpl$AsVarargsCollector.<init>(Ljava/lang/invoke/MethodHandle;Ljava/lang/Class;)V+7
j  java.lang.invoke.MethodHandleImpl.makeVarargsCollector(Ljava/lang/invoke/MethodHandle;Ljava/lang/Class;)Ljava/lang/invoke/MethodHandle;+43
j  java.lang.invoke.MethodHandle.setVarargs(Ljava/lang/invoke/MemberName;)Ljava/lang/invoke/MethodHandle;+26
j  java.lang.invoke.MethodHandles$Lookup.getDirectMethodCommon(BLjava/lang/Class;Ljava/lang/invoke/MemberName;ZZLjava/lang/Class;)Ljava/lang/invoke/MethodHandle;+263
j  java.lang.invoke.MethodHandles$Lookup.getDirectMethod(BLjava/lang/Class;Ljava/lang/invoke/MemberName;Ljava/lang/Class;)Ljava/lang/invoke/MethodHandle;+8
j  java.lang.invoke.MethodHandles$Lookup.findStatic(Ljava/lang/Class;Ljava/lang/String;Ljava/lang/invoke/MethodType;)Ljava/lang/invoke/MethodHandle;+23
j  java.lang.invoke.CallSite.<clinit>()V+35
v  ~StubRoutines::call_stub
j  java.lang.invoke.MethodHandleNatives.linkCallSiteImpl(Ljava/lang/Class;Ljava/lang/invoke/MethodHandle;Ljava/lang/String;Ljava/lang/invoke/MethodType;Ljava/lang/Object;[Ljava/lang/Object;)Ljava/lang/invoke/MemberName;+6
j  java.lang.invoke.MethodHandleNatives.linkCallSite(Ljava/lang/Object;Ljava/lang/Object;Ljava/lang/Object;Ljava/lang/Object;Ljava/lang/Object;[Ljava/lang/Object;)Ljava/lang/invoke/MemberName;+45
v  ~StubRoutines::call_stub
j  java.time.format.DateTimeFormatterBuilder.<clinit>()V+0
v  ~StubRoutines::call_stub
j  java.time.format.DateTimeFormatter.<clinit>()V+0
v  ~StubRoutines::call_stub
j  ui.Menu.<clinit>()V+2
v  ~StubRoutines::call_stub

---------------  P R O C E S S  ---------------

Java Threads: ( => current thread )
  0x00000000197c4800 JavaThread "Service Thread" daemon [_thread_blocked, id=18952, stack(0x000000001a2f0000,0x000000001a3f0000)]
  0x0000000019734800 JavaThread "C1 CompilerThread3" daemon [_thread_in_native, id=23060, stack(0x000000001a1f0000,0x000000001a2f0000)]
  0x0000000019728000 JavaThread "C2 CompilerThread2" daemon [_thread_blocked, id=14984, stack(0x000000001a0f0000,0x000000001a1f0000)]
  0x0000000019721000 JavaThread "C2 CompilerThread1" daemon [_thread_blocked, id=18908, stack(0x0000000019ff0000,0x000000001a0f0000)]
  0x000000001971e000 JavaThread "C2 CompilerThread0" daemon [_thread_blocked, id=31156, stack(0x0000000019ef0000,0x0000000019ff0000)]
  0x0000000019718000 JavaThread "Attach Listener" daemon [_thread_blocked, id=11172, stack(0x0000000019df0000,0x0000000019ef0000)]
  0x0000000019715000 JavaThread "Signal Dispatcher" daemon [_thread_blocked, id=1384, stack(0x0000000019cf0000,0x0000000019df0000)]
  0x0000000019710800 JavaThread "Finalizer" daemon [_thread_blocked, id=30188, stack(0x0000000019af0000,0x0000000019bf0000)]
  0x0000000002886000 JavaThread "Reference Handler" daemon [_thread_blocked, id=24996, stack(0x00000000195f0000,0x00000000196f0000)]
=>0x000000000266e000 JavaThread "main" [_thread_in_vm, id=15564, stack(0x0000000002690000,0x0000000002790000)]

Other Threads:
  0x000000001780a000 VMThread [stack: 0x00000000194f0000,0x00000000195f0000] [id=28616]
  0x00000000197e6800 WatcherThread [stack: 0x000000001a3f0000,0x000000001a4f0000] [id=30800]

VM state:not at safepoint (normal execution)

VM Mutex/Monitor currently owned by a thread: None

heap address: 0x0000000081c00000, size: 2020 MB, Compressed Oops mode: 32-bit
Narrow klass base: 0x0000000000000000, Narrow klass shift: 3
Compressed class space size: 1073741824 Address: 0x0000000100000000

Heap:
 PSYoungGen      total 38400K, used 1996K [0x00000000d5f00000, 0x00000000d8980000, 0x0000000100000000)
  eden space 33280K, 6% used [0x00000000d5f00000,0x00000000d60f3348,0x00000000d7f80000)
  from space 5120K, 0% used [0x00000000d8480000,0x00000000d8480000,0x00000000d8980000)
  to   space 5120K, 0% used [0x00000000d7f80000,0x00000000d7f80000,0x00000000d8480000)
 ParOldGen       total 87552K, used 0K [0x0000000081c00000, 0x0000000087180000, 0x00000000d5f00000)
  object space 87552K, 0% used [0x0000000081c00000,0x0000000081c00000,0x0000000087180000)
 Metaspace       used 3192K, capacity 4664K, committed 4864K, reserved 1056768K
  class space    used 354K, capacity 437K, committed 512K, reserved 1048576K

Card table byte_map: [0x0000000011c50000,0x0000000012050000] byte_map_base: 0x0000000011842000

Marking Bits: (ParMarkBitMap*) 0x00000000525e5ce0
 Begin Bits: [0x0000000012b00000, 0x0000000014a90000)
 End Bits:   [0x0000000014a90000, 0x0000000016a20000)

Polling page: 0x00000000025f0000

CodeCache: size=245760Kb used=1313Kb max_used=1313Kb free=244446Kb
 bounds [0x0000000002890000, 0x0000000002b00000, 0x0000000011890000]
 total_blobs=402 nmethods=153 adapters=163
 compilation: enabled

Compilation events (10 events):
Event: 0.103 Thread 0x0000000019734800  133       3       java.lang.String::substring (79 bytes)
Event: 0.103 Thread 0x0000000019734800 nmethod 133 0x00000000029c9190 code [0x00000000029c9340, 0x00000000029c97d8]
Event: 0.103 Thread 0x0000000019734800  139       3       java.util.Arrays$ArrayList::size (6 bytes)
Event: 0.103 Thread 0x0000000019734800 nmethod 139 0x00000000029c9a10 code [0x00000000029c9b60, 0x00000000029c9cb0]
Event: 0.103 Thread 0x0000000019734800  141       3       java.lang.invoke.InvokerBytecodeGenerator::isStaticallyNameable (116 bytes)
Event: 0.103 Thread 0x0000000019728000  146       4       java.lang.String::indexOf (70 bytes)
Event: 0.105 Thread 0x0000000019734800 nmethod 141 0x00000000029ca1d0 code [0x00000000029ca540, 0x00000000029cc618]
Event: 0.105 Thread 0x0000000019734800  145       3       jdk.internal.org.objectweb.asm.Frame::execute (2252 bytes)
Event: 0.105 Thread 0x0000000019721000 nmethod 140 0x00000000029d0650 code [0x00000000029d0780, 0x00000000029d08d8]
Event: 0.106 Thread 0x0000000019728000 nmethod 146 0x00000000029cea50 code [0x00000000029ceba0, 0x00000000029ced58]

GC Heap History (0 events):
No events

Deoptimization events (0 events):
No events

Classes redefined (0 events):
No events

Internal exceptions (2 events):
Event: 0.032 Thread 0x000000000266e000 Exception <a 'java/lang/NoSuchMethodError': Method sun.misc.Unsafe.defineClass(Ljava/lang/String;[BII)Ljava/lang/Class; name or signature does not match> (0x00000000d5f07cb0) thrown at [C:\re\workspace\8-2-build-windows-amd64-cygwin\jdk8u202\12323\hotspot
Event: 0.032 Thread 0x000000000266e000 Exception <a 'java/lang/NoSuchMethodError': Method sun.misc.Unsafe.prefetchRead(Ljava/lang/Object;J)V name or signature does not match> (0x00000000d5f07f98) thrown at [C:\re\workspace\8-2-build-windows-amd64-cygwin\jdk8u202\12323\hotspot\src\share\vm\prim

Events (10 events):
Event: 0.096 loading class java/lang/invoke/MethodHandleImpl$AsVarargsCollector
Event: 0.096 loading class java/lang/invoke/DelegatingMethodHandle
Event: 0.096 loading class java/lang/invoke/DelegatingMethodHandle done
Event: 0.096 loading class java/lang/invoke/MethodHandleImpl$AsVarargsCollector done
Event: 0.097 loading class java/lang/invoke/WrongMethodTypeException
Event: 0.097 loading class java/lang/invoke/WrongMethodTypeException done
Event: 0.098 loading class java/lang/invoke/MethodHandleImpl$Lazy
Event: 0.098 loading class java/lang/invoke/MethodHandleImpl$Lazy done
Event: 0.098 loading class java/lang/invoke/MethodHandleImpl$IntrinsicMethodHandle
Event: 0.098 loading class java/lang/invoke/MethodHandleImpl$IntrinsicMethodHandle done


Dynamic libraries:
0x00007ff756900000 - 0x00007ff756937000 	C:\Program Files\Java\jre1.8.0_202\bin\javaw.exe
0x00007fffeed40000 - 0x00007fffeef30000 	C:\WINDOWS\SYSTEM32\ntdll.dll
0x00007fffe6a90000 - 0x00007fffe6aa3000 	C:\Program Files\AVAST Software\Avast\aswhook.dll
0x00007fffee8f0000 - 0x00007fffee9a2000 	C:\WINDOWS\System32\KERNEL32.DLL
0x00007fffec220000 - 0x00007fffec4c4000 	C:\WINDOWS\System32\KERNELBASE.dll
0x00007fffee840000 - 0x00007fffee8e3000 	C:\WINDOWS\System32\ADVAPI32.dll
0x00007fffedcf0000 - 0x00007fffedd8e000 	C:\WINDOWS\System32\msvcrt.dll
0x00007fffeec60000 - 0x00007fffeecf7000 	C:\WINDOWS\System32\sechost.dll
0x00007fffee530000 - 0x00007fffee650000 	C:\WINDOWS\System32\RPCRT4.dll
0x00007fffee9d0000 - 0x00007fffeeb64000 	C:\WINDOWS\System32\USER32.dll
0x00007fffebcd0000 - 0x00007fffebcf1000 	C:\WINDOWS\System32\win32u.dll
0x00007fffece80000 - 0x00007fffecea6000 	C:\WINDOWS\System32\GDI32.dll
0x00007fffec4d0000 - 0x00007fffec664000 	C:\WINDOWS\System32\gdi32full.dll
0x00007fffec020000 - 0x00007fffec0be000 	C:\WINDOWS\System32\msvcp_win.dll
0x00007fffec0c0000 - 0x00007fffec1ba000 	C:\WINDOWS\System32\ucrtbase.dll
0x00007fffc2790000 - 0x00007fffc2a14000 	C:\WINDOWS\WinSxS\amd64_microsoft.windows.common-controls_6595b64144ccf1df_6.0.18362.836_none_e6c4b943130f18ed\COMCTL32.dll
0x00007fffee1f0000 - 0x00007fffee526000 	C:\WINDOWS\System32\combase.dll
0x00007fffebd20000 - 0x00007fffebda0000 	C:\WINDOWS\System32\bcryptPrimitives.dll
0x00007fffecdf0000 - 0x00007fffece1e000 	C:\WINDOWS\System32\IMM32.DLL
0x0000000052fc0000 - 0x0000000053092000 	C:\Program Files\Java\jre1.8.0_202\bin\msvcr100.dll
0x0000000051dc0000 - 0x0000000052665000 	C:\Program Files\Java\jre1.8.0_202\bin\server\jvm.dll
0x00007fffee9b0000 - 0x00007fffee9b8000 	C:\WINDOWS\System32\PSAPI.DLL
0x00007fffe2eb0000 - 0x00007fffe2eb9000 	C:\WINDOWS\SYSTEM32\WSOCK32.dll
0x00007fffee650000 - 0x00007fffee6bf000 	C:\WINDOWS\System32\WS2_32.dll
0x00007fffe21a0000 - 0x00007fffe21c4000 	C:\WINDOWS\SYSTEM32\WINMM.dll
0x00007fffe5fd0000 - 0x00007fffe5fda000 	C:\WINDOWS\SYSTEM32\VERSION.dll
0x00007fffe2170000 - 0x00007fffe219d000 	C:\WINDOWS\SYSTEM32\WINMMBASE.dll
0x00007fffebef0000 - 0x00007fffebf3a000 	C:\WINDOWS\System32\cfgmgr32.dll
0x00007fffe5360000 - 0x00007fffe536f000 	C:\Program Files\Java\jre1.8.0_202\bin\verify.dll
0x00007fffdf320000 - 0x00007fffdf349000 	C:\Program Files\Java\jre1.8.0_202\bin\java.dll
0x00007fffe3b00000 - 0x00007fffe3b16000 	C:\Program Files\Java\jre1.8.0_202\bin\zip.dll
0x00007fffed4d0000 - 0x00007fffedbb4000 	C:\WINDOWS\System32\SHELL32.dll
0x00007fffeddf0000 - 0x00007fffede99000 	C:\WINDOWS\System32\shcore.dll
0x00007fffec670000 - 0x00007fffecdee000 	C:\WINDOWS\System32\windows.storage.dll
0x00007fffebc30000 - 0x00007fffebc53000 	C:\WINDOWS\System32\profapi.dll
0x00007fffebc80000 - 0x00007fffebcca000 	C:\WINDOWS\System32\powrprof.dll
0x00007fffebc00000 - 0x00007fffebc10000 	C:\WINDOWS\System32\UMPDC.dll
0x00007fffece20000 - 0x00007fffece72000 	C:\WINDOWS\System32\shlwapi.dll
0x00007fffebc60000 - 0x00007fffebc71000 	C:\WINDOWS\System32\kernel.appcore.dll
0x00007fffebd00000 - 0x00007fffebd17000 	C:\WINDOWS\System32\cryptsp.dll

VM Arguments:
jvm_args: -Dfile.encoding=Cp1252 
java_command: ui.Menu
java_class_path (initial): C:\Users\andre\git\BloodBank\bin;C:\Users\andre\git\BloodBank\sqlite-jdbc-3.8.7.jar
Launcher Type: SUN_STANDARD

Environment Variables:
PATH=C:/Program Files/Java/jre1.8.0_202/bin/server;C:/Program Files/Java/jre1.8.0_202/bin;C:/Program Files/Java/jre1.8.0_202/lib/amd64;C:\Program Files (x86)\Common Files\Oracle\Java\javapath;C:\Program Files (x86)\Intel\iCLS Client\;C:\Program Files\Intel\iCLS Client\;C:\WINDOWS\system32;C:\WINDOWS;C:\WINDOWS\System32\Wbem;C:\WINDOWS\System32\WindowsPowerShell\v1.0\;C:\WINDOWS\System32\OpenSSH\;C:\Program Files (x86)\Intel\Intel(R) Management Engine Components\DAL;C:\Program Files\Intel\Intel(R) Management Engine Components\DAL;C:\Program Files (x86)\Intel\Intel(R) Management Engine Components\IPT;C:\Program Files\Intel\Intel(R) Management Engine Components\IPT;C:\Program Files\Intel\WiFi\bin\;C:\Program Files\Common Files\Intel\WirelessCommon\;C:\Program Files\MATLAB\R2019b\bin;C:\Program Files\Microsoft SQL Server\Client SDK\ODBC\170\Tools\Binn\;C:\Program Files (x86)\Microsoft SQL Server\150\Tools\Binn\;C:\Program Files\Microsoft SQL Server\150\Tools\Binn\;C:\Program Files\Microsoft SQL Server\150\DTS\Binn\;C:\Program Files\Microsoft SQL Server\Client SDK\ODBC\130\Tools\Binn\;C:\Program Files (x86)\Microsoft SQL Server\140\Tools\Binn\;C:\Program Files\Microsoft SQL Server\140\Tools\Binn\;C:\Program Files\Microsoft SQL Server\140\DTS\Binn\;C:\Program Files (x86)\Microsoft SQL Server\150\DTS\Binn\;C:\Program Files\MySQL\MySQL Shell 8.0\bin\;C:\Users\andre\AppData\Local\Microsoft\WindowsApps;C:\Program Files (x86)\CodeBlocks\MinGW\bin;;C:\WINDOWS\system32;
USERNAME=andre
OS=Windows_NT
PROCESSOR_IDENTIFIER=Intel64 Family 6 Model 142 Stepping 10, GenuineIntel



---------------  S Y S T E M  ---------------

OS: Windows 10.0 , 64 bit Build 18362 (10.0.18362.778)

CPU:total 8 (initial active 8) (4 cores per cpu, 2 threads per core) family 6 model 142 stepping 10, cmov, cx8, fxsr, mmx, sse, sse2, sse3, ssse3, sse4.1, sse4.2, popcnt, avx, avx2, aes, clmul, erms, 3dnowpref, lzcnt, ht, tsc, tscinvbit, bmi1, bmi2, adx

Memory: 4k page, physical 8272676k(2365944k free), swap 33438500k(3112k free)

vm_info: Java HotSpot(TM) 64-Bit Server VM (25.202-b08) for windows-amd64 JRE (1.8.0_202-b08), built on Dec 15 2018 19:54:30 by "java_re" with MS VC++ 10.0 (VS2010)

time: Sun May 31 14:22:29 2020
timezone: Romance Daylight Time
elapsed time: 0 seconds (0d 0h 0m 0s)

