#
# There is insufficient memory for the Java Runtime Environment to continue.
# Native memory allocation (malloc) failed to allocate 1048576 bytes for AllocateHeap
# Possible reasons:
#   The system is out of physical RAM or swap space
#   The process is running with CompressedOops enabled, and the Java Heap may be blocking the growth of the native heap
# Possible solutions:
#   Reduce memory load on the system
#   Increase physical memory or swap space
#   Check if swap backing store is full
#   Decrease Java heap size (-Xmx/-Xms)
#   Decrease number of Java threads
#   Decrease Java thread stack sizes (-Xss)
#   Set larger code cache with -XX:ReservedCodeCacheSize=
#   JVM is running with Unscaled Compressed Oops mode in which the Java heap is
#     placed in the first 4GB address space. The Java Heap base address is the
#     maximum limit for the native heap growth. Please use -XX:HeapBaseMinAddress
#     to set the Java Heap base and to place the Java Heap above 4GB virtual address.
# This output file may be truncated or incomplete.
#
#  Out of Memory Error (memory/allocation.inline.hpp:61), pid=10660, tid=0x0000000000003dcc
#
# JRE version:  (8.0_202-b08) (build )
# Java VM: Java HotSpot(TM) 64-Bit Server VM (25.202-b08 mixed mode windows-amd64 compressed oops)
# Failed to write core dump. Minidumps are not enabled by default on client versions of Windows
#

---------------  T H R E A D  ---------------

Current thread (0x00000000021fe000):  JavaThread "Unknown thread" [_thread_in_vm, id=15820, stack(0x00000000020c0000,0x00000000021c0000)]

Stack: [0x00000000020c0000,0x00000000021c0000]
[error occurred during error reporting (printing stack bounds), id 0xc0000005]

Native frames: (J=compiled Java code, j=interpreted, Vv=VM code, C=native code)


---------------  P R O C E S S  ---------------

Java Threads: ( => current thread )

Other Threads:

=>0x00000000021fe000 (exited) JavaThread "Unknown thread" [_thread_in_vm, id=15820, stack(0x00000000020c0000,0x00000000021c0000)]

VM state:not at safepoint (normal execution)

VM Mutex/Monitor currently owned by a thread: None

heap address: 0x0000000081c00000, size: 2020 MB, Compressed Oops mode: 32-bit
Narrow klass base: 0x0000000000000000, Narrow klass shift: 3
Compressed class space size: 1073741824 Address: 0x0000000100000000

Heap:
 PSYoungGen      total 38400K, used 665K [0x00000000d5f00000, 0x00000000d8980000, 0x0000000100000000)
  eden space 33280K, 2% used [0x00000000d5f00000,0x00000000d5fa6670,0x00000000d7f80000)
  from space 5120K, 0% used [0x00000000d8480000,0x00000000d8480000,0x00000000d8980000)
  to   space 5120K, 0% used [0x00000000d7f80000,0x00000000d7f80000,0x00000000d8480000)
 ParOldGen       total 87552K, used 0K [0x0000000081c00000, 0x0000000087180000, 0x00000000d5f00000)
  object space 87552K, 0% used [0x0000000081c00000,0x0000000081c00000,0x0000000087180000)
 Metaspace       used 751K, capacity 4480K, committed 4480K, reserved 1056768K
  class space    used 76K, capacity 384K, committed 384K, reserved 1048576K

Card table byte_map: [0x00000000116c0000,0x0000000011ac0000] byte_map_base: 0x00000000112b2000

Marking Bits: (ParMarkBitMap*) 0x00000000525e5ce0
 Begin Bits: [0x0000000012570000, 0x0000000014500000)
 End Bits:   [0x0000000014500000, 0x0000000016490000)

Polling page: 0x0000000000620000

CodeCache: size=245760Kb used=328Kb max_used=328Kb free=245431Kb
 bounds [0x0000000002300000, 0x0000000002570000, 0x0000000011300000]
 total_blobs=58 nmethods=0 adapters=38
 compilation: enabled

Compilation events (0 events):
No events

GC Heap History (0 events):
No events

Deoptimization events (0 events):
No events

Classes redefined (0 events):
No events

Internal exceptions (0 events):
No events

Events (10 events):
Event: 0.025 loading class java/lang/Short
Event: 0.025 loading class java/lang/Short done
Event: 0.025 loading class java/lang/Integer
Event: 0.025 loading class java/lang/Integer done
Event: 0.025 loading class java/lang/Long
Event: 0.025 loading class java/lang/Long done
Event: 0.026 loading class java/lang/NullPointerException
Event: 0.026 loading class java/lang/NullPointerException done
Event: 0.026 loading class java/lang/ArithmeticException
Event: 0.026 loading class java/lang/ArithmeticException done


Dynamic libraries:
0x00007ff756900000 - 0x00007ff756937000 	C:\Program Files\Java\jre1.8.0_202\bin\javaw.exe
0x00007fffeed40000 - 0x00007fffeef30000 	C:\WINDOWS\SYSTEM32\ntdll.dll
0x00007fffe6a90000 - 0x00007fffe6aa3000 	C:\Program Files\AVAST Software\Avast\aswhook.dll
0x00007fffee8f0000 - 0x00007fffee9a2000 	C:\WINDOWS\System32\KERNEL32.DLL
0x00007fffec220000 - 0x00007fffec4c4000 	C:\WINDOWS\System32\KERNELBASE.dll
0x00007fffee840000 - 0x00007fffee8e3000 	C:\WINDOWS\System32\ADVAPI32.dll
0x00007fffedcf0000 - 0x00007fffedd8e000 	C:\WINDOWS\System32\msvcrt.dll
0x00007fffeec60000 - 0x00007fffeecf7000 	C:\WINDOWS\System32\sechost.dll
0x00007fffee530000 - 0x00007fffee650000 	C:\WINDOWS\System32\RPCRT4.dll
0x00007fffee9d0000 - 0x00007fffeeb64000 	C:\WINDOWS\System32\USER32.dll
0x00007fffebcd0000 - 0x00007fffebcf1000 	C:\WINDOWS\System32\win32u.dll
0x00007fffece80000 - 0x00007fffecea6000 	C:\WINDOWS\System32\GDI32.dll
0x00007fffec4d0000 - 0x00007fffec664000 	C:\WINDOWS\System32\gdi32full.dll
0x00007fffec020000 - 0x00007fffec0be000 	C:\WINDOWS\System32\msvcp_win.dll
0x00007fffec0c0000 - 0x00007fffec1ba000 	C:\WINDOWS\System32\ucrtbase.dll
0x00007fffc2790000 - 0x00007fffc2a14000 	C:\WINDOWS\WinSxS\amd64_microsoft.windows.common-controls_6595b64144ccf1df_6.0.18362.836_none_e6c4b943130f18ed\COMCTL32.dll
0x00007fffee1f0000 - 0x00007fffee526000 	C:\WINDOWS\System32\combase.dll
0x00007fffebd20000 - 0x00007fffebda0000 	C:\WINDOWS\System32\bcryptPrimitives.dll
0x00007fffecdf0000 - 0x00007fffece1e000 	C:\WINDOWS\System32\IMM32.DLL
0x0000000052fc0000 - 0x0000000053092000 	C:\Program Files\Java\jre1.8.0_202\bin\msvcr100.dll
0x0000000051dc0000 - 0x0000000052665000 	C:\Program Files\Java\jre1.8.0_202\bin\server\jvm.dll
0x00007fffee9b0000 - 0x00007fffee9b8000 	C:\WINDOWS\System32\PSAPI.DLL
0x00007fffe2eb0000 - 0x00007fffe2eb9000 	C:\WINDOWS\SYSTEM32\WSOCK32.dll
0x00007fffee650000 - 0x00007fffee6bf000 	C:\WINDOWS\System32\WS2_32.dll
0x00007fffe21a0000 - 0x00007fffe21c4000 	C:\WINDOWS\SYSTEM32\WINMM.dll
0x00007fffe5fd0000 - 0x00007fffe5fda000 	C:\WINDOWS\SYSTEM32\VERSION.dll
0x00007fffe2170000 - 0x00007fffe219d000 	C:\WINDOWS\SYSTEM32\WINMMBASE.dll
0x00007fffebef0000 - 0x00007fffebf3a000 	C:\WINDOWS\System32\cfgmgr32.dll
0x00007fffe5360000 - 0x00007fffe536f000 	C:\Program Files\Java\jre1.8.0_202\bin\verify.dll
0x00007fffdf320000 - 0x00007fffdf349000 	C:\Program Files\Java\jre1.8.0_202\bin\java.dll
0x00007fffe3b00000 - 0x00007fffe3b16000 	C:\Program Files\Java\jre1.8.0_202\bin\zip.dll

VM Arguments:
jvm_args: -Dfile.encoding=Cp1252 
java_command: ui.Menu
java_class_path (initial): C:\Users\andre\git\BloodBank\bin;C:\Users\andre\git\BloodBank\sqlite-jdbc-3.8.7.jar
Launcher Type: SUN_STANDARD

Environment Variables:
PATH=C:/Program Files/Java/jre1.8.0_202/bin/server;C:/Program Files/Java/jre1.8.0_202/bin;C:/Program Files/Java/jre1.8.0_202/lib/amd64;C:\Program Files (x86)\Common Files\Oracle\Java\javapath;C:\Program Files (x86)\Intel\iCLS Client\;C:\Program Files\Intel\iCLS Client\;C:\WINDOWS\system32;C:\WINDOWS;C:\WINDOWS\System32\Wbem;C:\WINDOWS\System32\WindowsPowerShell\v1.0\;C:\WINDOWS\System32\OpenSSH\;C:\Program Files (x86)\Intel\Intel(R) Management Engine Components\DAL;C:\Program Files\Intel\Intel(R) Management Engine Components\DAL;C:\Program Files (x86)\Intel\Intel(R) Management Engine Components\IPT;C:\Program Files\Intel\Intel(R) Management Engine Components\IPT;C:\Program Files\Intel\WiFi\bin\;C:\Program Files\Common Files\Intel\WirelessCommon\;C:\Program Files\MATLAB\R2019b\bin;C:\Program Files\Microsoft SQL Server\Client SDK\ODBC\170\Tools\Binn\;C:\Program Files (x86)\Microsoft SQL Server\150\Tools\Binn\;C:\Program Files\Microsoft SQL Server\150\Tools\Binn\;C:\Program Files\Microsoft SQL Server\150\DTS\Binn\;C:\Program Files\Microsoft SQL Server\Client SDK\ODBC\130\Tools\Binn\;C:\Program Files (x86)\Microsoft SQL Server\140\Tools\Binn\;C:\Program Files\Microsoft SQL Server\140\Tools\Binn\;C:\Program Files\Microsoft SQL Server\140\DTS\Binn\;C:\Program Files (x86)\Microsoft SQL Server\150\DTS\Binn\;C:\Program Files\MySQL\MySQL Shell 8.0\bin\;C:\Users\andre\AppData\Local\Microsoft\WindowsApps;C:\Program Files (x86)\CodeBlocks\MinGW\bin;;C:\WINDOWS\system32;
USERNAME=andre
OS=Windows_NT
PROCESSOR_IDENTIFIER=Intel64 Family 6 Model 142 Stepping 10, GenuineIntel



---------------  S Y S T E M  ---------------

OS: Windows 10.0 , 64 bit Build 18362 (10.0.18362.778)

CPU:total 8 (initial active 8) (4 cores per cpu, 2 threads per core) family 6 model 142 stepping 10, cmov, cx8, fxsr, mmx, sse, sse2, sse3, ssse3, sse4.1, sse4.2, popcnt, avx, avx2, aes, clmul, erms, 3dnowpref, lzcnt, ht, tsc, tscinvbit, bmi1, bmi2, adx

Memory: 4k page, physical 8272676k(2418624k free), swap 33438500k(5932k free)

vm_info: Java HotSpot(TM) 64-Bit Server VM (25.202-b08) for windows-amd64 JRE (1.8.0_202-b08), built on Dec 15 2018 19:54:30 by "java_re" with MS VC++ 10.0 (VS2010)

time: Sun May 31 14:25:15 2020
timezone: Romance Daylight Time
elapsed time: 0 seconds (0d 0h 0m 0s)

